<?xml version="1.0" encoding="UTF-8"?>
<!-- Generated by org.testng.reporters.JUnitReportReporter -->
<testsuite hostname="LAPTOP-RUE29RMK" failures="0" tests="1" name="forgetPass" time="52.858" errors="0" timestamp="2023-07-15T13:16:25 IST" skipped="0">
  <testcase classname="forgetPass" name="login" time="52.858"/>
  <system-out/>
</testsuite> <!-- forgetPass -->
