<?xml version="1.0" encoding="UTF-8"?>
<!-- Generated by org.testng.reporters.JUnitReportReporter -->
<testsuite hostname="LAPTOP-RUE29RMK" failures="0" tests="1" name="forgetPass" time="11.666" errors="0" timestamp="2023-07-15T15:49:45 IST" skipped="0">
  <testcase classname="forgetPass" name="login" time="11.666"/>
  <system-out/>
</testsuite> <!-- forgetPass -->
