<?xml version="1.0" encoding="UTF-8"?>
<!-- Generated by org.testng.reporters.JUnitReportReporter -->
<testsuite hostname="LAPTOP-RUE29RMK" failures="0" tests="1" name="LoginError" time="50.040" errors="0" timestamp="2023-07-15T11:54:03 IST" skipped="0">
  <testcase classname="LoginError" name="login" time="50.040"/>
  <system-out/>
</testsuite> <!-- LoginError -->
